build/app/intermediates/manifest_merge_blame_file/debug/manifest-merger-blame-debug-report.txt
1<?xml version="1.0" encoding="utf-8"?>
2<manifest xmlns:android="http://schemas.android.com/apk/res/android"
3    package="com.example.sidebar_animation"
4    android:versionCode="1"
5    android:versionName="1.0.0" >
6
7    <uses-sdk
8        android:minSdkVersion="21"
9        android:targetSdkVersion="28" />
10    <!--
11         Flutter needs it to communicate with the running application
12         to allow setting breakpoints, to provide hot reload, etc.
13    -->
14    <uses-permission android:name="android.permission.INTERNET" />
14-->src\debug\AndroidManifest.xml:6:5-66
14-->src\debug\AndroidManifest.xml:6:22-64
15    <uses-permission android:name="android.permission.CAMERA" /> <!-- Don't require camera, as this requires a rear camera. This allows it to work on the Nexus 7 -->
15-->src\main\AndroidManifest.xml:4:5-65
15-->src\main\AndroidManifest.xml:4:22-62
16    <uses-feature
16-->[com.journeyapps:zxing-android-embedded:4.1.0] AndroidManifest.xml:25:5-27:36
17        android:name="android.hardware.camera"
17-->[com.journeyapps:zxing-android-embedded:4.1.0] AndroidManifest.xml:26:9-47
18        android:required="false" />
18-->[com.journeyapps:zxing-android-embedded:4.1.0] AndroidManifest.xml:27:9-33
19    <uses-feature
19-->[com.journeyapps:zxing-android-embedded:4.1.0] AndroidManifest.xml:28:5-30:36
20        android:name="android.hardware.camera.front"
20-->[com.journeyapps:zxing-android-embedded:4.1.0] AndroidManifest.xml:29:9-53
21        android:required="false" /> <!-- TODO replace above two with next line after Android 4.2 -->
21-->[com.journeyapps:zxing-android-embedded:4.1.0] AndroidManifest.xml:30:9-33
22    <!-- <uses-feature android:name="android.hardware.camera.any"/> -->
23    <uses-feature
23-->[com.journeyapps:zxing-android-embedded:4.1.0] AndroidManifest.xml:33:5-35:36
24        android:name="android.hardware.camera.autofocus"
24-->[com.journeyapps:zxing-android-embedded:4.1.0] AndroidManifest.xml:34:9-57
25        android:required="false" />
25-->[com.journeyapps:zxing-android-embedded:4.1.0] AndroidManifest.xml:35:9-33
26    <uses-feature
26-->[com.journeyapps:zxing-android-embedded:4.1.0] AndroidManifest.xml:36:5-38:36
27        android:name="android.hardware.camera.flash"
27-->[com.journeyapps:zxing-android-embedded:4.1.0] AndroidManifest.xml:37:9-53
28        android:required="false" />
28-->[com.journeyapps:zxing-android-embedded:4.1.0] AndroidManifest.xml:38:9-33
29    <uses-feature
29-->[com.journeyapps:zxing-android-embedded:4.1.0] AndroidManifest.xml:39:5-41:36
30        android:name="android.hardware.screen.landscape"
30-->[com.journeyapps:zxing-android-embedded:4.1.0] AndroidManifest.xml:40:9-57
31        android:required="false" />
31-->[com.journeyapps:zxing-android-embedded:4.1.0] AndroidManifest.xml:41:9-33
32    <uses-feature
32-->[com.journeyapps:zxing-android-embedded:4.1.0] AndroidManifest.xml:42:5-44:36
33        android:name="android.hardware.wifi"
33-->[com.journeyapps:zxing-android-embedded:4.1.0] AndroidManifest.xml:43:9-45
34        android:required="false" />
34-->[com.journeyapps:zxing-android-embedded:4.1.0] AndroidManifest.xml:44:9-33
35    <!--
36 io.flutter.app.FlutterApplication is an android.app.Application that
37         calls FlutterMain.startInitialization(this); in its onCreate method.
38         In most cases you can leave this as-is, but you if you want to provide
39         additional functionality it is fine to subclass or reimplement
40         FlutterApplication and put your custom class here.
41    -->
42    <application
42-->src\main\AndroidManifest.xml:10:5-33:19
43        android:name="io.flutter.app.FlutterApplication"
43-->src\main\AndroidManifest.xml:11:9-57
44        android:appComponentFactory="androidx.core.app.CoreComponentFactory"
44-->[androidx.core:core:1.1.0] AndroidManifest.xml:24:18-86
45        android:debuggable="true"
46        android:icon="@mipmap/ic_launcher"
46-->src\main\AndroidManifest.xml:13:9-43
47        android:label="sidebar_animation" >
47-->src\main\AndroidManifest.xml:12:9-42
48        <activity
48-->src\main\AndroidManifest.xml:14:9-32:20
49            android:name="com.example.sidebar_animation.MainActivity"
49-->src\main\AndroidManifest.xml:15:13-41
50            android:configChanges="orientation|keyboardHidden|keyboard|screenSize|smallestScreenSize|locale|layoutDirection|fontScale|screenLayout|density|uiMode"
50-->src\main\AndroidManifest.xml:18:13-163
51            android:hardwareAccelerated="true"
51-->src\main\AndroidManifest.xml:19:13-47
52            android:launchMode="singleTop"
52-->src\main\AndroidManifest.xml:16:13-43
53            android:theme="@style/LaunchTheme"
53-->src\main\AndroidManifest.xml:17:13-47
54            android:windowSoftInputMode="adjustResize" >
54-->src\main\AndroidManifest.xml:20:13-55
55
56            <!--
57                 This keeps the window background of the activity showing
58                 until Flutter renders its first frame. It can be removed if
59                 there is no splash screen (such as the default splash screen
60                 defined in @style/LaunchTheme).
61            -->
62            <meta-data
62-->src\main\AndroidManifest.xml:25:13-27:40
63                android:name="io.flutter.app.android.SplashScreenUntilFirstFrame"
63-->src\main\AndroidManifest.xml:26:17-82
64                android:value="true" />
64-->src\main\AndroidManifest.xml:27:17-37
65
66            <intent-filter>
66-->src\main\AndroidManifest.xml:28:13-31:29
67                <action android:name="android.intent.action.MAIN" />
67-->src\main\AndroidManifest.xml:29:17-68
67-->src\main\AndroidManifest.xml:29:25-66
68
69                <category android:name="android.intent.category.LAUNCHER" />
69-->src\main\AndroidManifest.xml:30:17-76
69-->src\main\AndroidManifest.xml:30:27-74
70            </intent-filter>
71        </activity>
72        <activity
72-->[com.journeyapps:zxing-android-embedded:4.1.0] AndroidManifest.xml:47:9-53:63
73            android:name="com.journeyapps.barcodescanner.CaptureActivity"
73-->[com.journeyapps:zxing-android-embedded:4.1.0] AndroidManifest.xml:48:13-74
74            android:clearTaskOnLaunch="true"
74-->[com.journeyapps:zxing-android-embedded:4.1.0] AndroidManifest.xml:49:13-45
75            android:screenOrientation="sensorLandscape"
75-->[com.journeyapps:zxing-android-embedded:4.1.0] AndroidManifest.xml:50:13-56
76            android:stateNotNeeded="true"
76-->[com.journeyapps:zxing-android-embedded:4.1.0] AndroidManifest.xml:51:13-42
77            android:theme="@style/zxing_CaptureTheme"
77-->[com.journeyapps:zxing-android-embedded:4.1.0] AndroidManifest.xml:52:13-54
78            android:windowSoftInputMode="stateAlwaysHidden" />
78-->[com.journeyapps:zxing-android-embedded:4.1.0] AndroidManifest.xml:53:13-60
79    </application>
80
81</manifest>